-------------------------------------------------------------------------------
Test set: com.ibm.CrudIbmApplicationTests
-------------------------------------------------------------------------------
Tests run: 1, Failures: 0, Errors: 1, Skipped: 0, Time elapsed: 0.004 s <<< FAILURE! - in com.ibm.CrudIbmApplicationTests
initializationError  Time elapsed: 0.001 s  <<< ERROR!
org.junit.runners.model.InvalidTestClassError: 
Invalid test class 'com.ibm.CrudIbmApplicationTests':
  1. No runnable methods

